c:\users\ngoch\onedrive\máy tính\project\doan\x64\debug\vc143.pdb
c:\users\ngoch\onedrive\máy tính\project\doan\x64\debug\vc143.idb
c:\users\ngoch\onedrive\máy tính\project\doan\x64\debug\loading.obj
c:\users\ngoch\onedrive\máy tính\project\doan\x64\debug\keyboard.obj
c:\users\ngoch\onedrive\máy tính\project\doan\x64\debug\header.obj
c:\users\ngoch\onedrive\máy tính\project\doan\x64\debug\sidebar.obj
c:\users\ngoch\onedrive\máy tính\project\doan\x64\debug\question.obj
c:\users\ngoch\onedrive\máy tính\project\doan\x64\debug\popup.obj
c:\users\ngoch\onedrive\máy tính\project\doan\x64\debug\page.obj
c:\users\ngoch\onedrive\máy tính\project\doan\x64\debug\inputfield.obj
c:\users\ngoch\onedrive\máy tính\project\doan\x64\debug\footer.obj
c:\users\ngoch\onedrive\máy tính\project\doan\x64\debug\draw.obj
c:\users\ngoch\onedrive\máy tính\project\doan\x64\debug\popupdelete.obj
c:\users\ngoch\onedrive\máy tính\project\doan\x64\debug\exam.obj
c:\users\ngoch\onedrive\máy tính\project\doan\x64\debug\content.obj
c:\users\ngoch\onedrive\máy tính\project\doan\x64\debug\configapp.obj
c:\users\ngoch\onedrive\máy tính\project\doan\x64\debug\color.obj
c:\users\ngoch\onedrive\máy tính\project\doan\x64\debug\classroom.obj
c:\users\ngoch\onedrive\máy tính\project\doan\x64\debug\buttonenter.obj
c:\users\ngoch\onedrive\máy tính\project\doan\x64\debug\button.obj
c:\users\ngoch\onedrive\máy tính\project\doan\x64\debug\about.obj
c:\users\ngoch\onedrive\máy tính\project\doan\x64\debug\windows.obj
c:\users\ngoch\onedrive\máy tính\project\doan\x64\debug\text.obj
c:\users\ngoch\onedrive\máy tính\project\doan\x64\debug\subject.obj
c:\users\ngoch\onedrive\máy tính\project\doan\x64\debug\student.obj
c:\users\ngoch\onedrive\máy tính\project\doan\x64\debug\layout.obj
c:\users\ngoch\onedrive\máy tính\project\doan\x64\debug\main.obj
c:\users\ngoch\onedrive\máy tính\project\doan\x64\debug\login.obj
c:\users\ngoch\onedrive\máy tính\project\doan\x64\debug\logindata.obj
c:\users\ngoch\onedrive\máy tính\project\doan\x64\debug\studentlist.obj
d:\hoc hanh\ptit\ctdl & gt\do an\project\doan\x64\debug\vc143.pdb
d:\hoc hanh\ptit\ctdl & gt\do an\project\doan\x64\debug\vc143.idb
d:\hoc hanh\ptit\ctdl & gt\do an\project\doan\x64\debug\header.obj
d:\hoc hanh\ptit\ctdl & gt\do an\project\doan\x64\debug\sidebar.obj
d:\hoc hanh\ptit\ctdl & gt\do an\project\doan\x64\debug\popup.obj
d:\hoc hanh\ptit\ctdl & gt\do an\project\doan\x64\debug\page.obj
d:\hoc hanh\ptit\ctdl & gt\do an\project\doan\x64\debug\inputfield.obj
d:\hoc hanh\ptit\ctdl & gt\do an\project\doan\x64\debug\footer.obj
d:\hoc hanh\ptit\ctdl & gt\do an\project\doan\x64\debug\draw.obj
d:\hoc hanh\ptit\ctdl & gt\do an\project\doan\x64\debug\popupdelete.obj
d:\hoc hanh\ptit\ctdl & gt\do an\project\doan\x64\debug\logindata.obj
d:\hoc hanh\ptit\ctdl & gt\do an\project\doan\x64\debug\loadingdata.obj
d:\hoc hanh\ptit\ctdl & gt\do an\project\doan\x64\debug\content.obj
d:\hoc hanh\ptit\ctdl & gt\do an\project\doan\x64\debug\configapp.obj
d:\hoc hanh\ptit\ctdl & gt\do an\project\doan\x64\debug\color.obj
d:\hoc hanh\ptit\ctdl & gt\do an\project\doan\x64\debug\classroom.obj
d:\hoc hanh\ptit\ctdl & gt\do an\project\doan\x64\debug\buttonenter.obj
d:\hoc hanh\ptit\ctdl & gt\do an\project\doan\x64\debug\button.obj
d:\hoc hanh\ptit\ctdl & gt\do an\project\doan\x64\debug\about.obj
d:\hoc hanh\ptit\ctdl & gt\do an\project\doan\x64\debug\windows.obj
d:\hoc hanh\ptit\ctdl & gt\do an\project\doan\x64\debug\text.obj
d:\hoc hanh\ptit\ctdl & gt\do an\project\doan\x64\debug\studentlist.obj
d:\hoc hanh\ptit\ctdl & gt\do an\project\doan\x64\debug\layout.obj
d:\hoc hanh\ptit\ctdl & gt\do an\project\doan\x64\debug\main.obj
d:\hoc hanh\ptit\ctdl & gt\do an\project\doan\x64\debug\login.obj
d:\hoc hanh\ptit\ctdl & gt\do an\project\doan\x64\debug\loading.obj
d:\hoc hanh\ptit\ctdl & gt\do an\project\doan\x64\debug\keyboard.obj
c:\users\ngoch\onedrive\máy tính\project\x64\debug\doan.exe
c:\users\ngoch\onedrive\máy tính\project\x64\debug\doan.pdb
c:\users\ngoch\onedrive\máy tính\project\doan\x64\debug\doan.ilk
d:\hoc hanh\ptit\ctdl & gt\do an\project\doan\x64\debug\doan.ilk
d:\hoc hanh\ptit\ctdl & gt\do an\project\x64\debug\doan.pdb
d:\hoc hanh\ptit\ctdl & gt\do an\project\doan\x64\debug\doan.tlog\cl.command.1.tlog
d:\hoc hanh\ptit\ctdl & gt\do an\project\doan\x64\debug\doan.tlog\cl.items.tlog
d:\hoc hanh\ptit\ctdl & gt\do an\project\doan\x64\debug\doan.tlog\cl.read.1.tlog
d:\hoc hanh\ptit\ctdl & gt\do an\project\doan\x64\debug\doan.tlog\cl.write.1.tlog
d:\hoc hanh\ptit\ctdl & gt\do an\project\doan\x64\debug\doan.tlog\link.command.1.tlog
d:\hoc hanh\ptit\ctdl & gt\do an\project\doan\x64\debug\doan.tlog\link.read.1.tlog
d:\hoc hanh\ptit\ctdl & gt\do an\project\doan\x64\debug\doan.tlog\link.secondary.1.tlog
d:\hoc hanh\ptit\ctdl & gt\do an\project\doan\x64\debug\doan.tlog\link.write.1.tlog
